[2024-07-15 16:41:28,526][root][INFO] - Using lower bounds [-1.0, -1.0] and upper bounds [1.0, 1.0].
[2024-07-15 16:41:28,526][root][INFO] - Logging files to /Users/max/PycharmProjects/FlappyBayes/outputs/2024-07-15/16-41-28/.
[2024-07-15 16:41:28,526][root][INFO] - --------------------
[2024-07-15 16:41:28,526][root][INFO] - Initial random parameter search...
[2024-07-15 16:41:28,526][root][INFO] - --------------------
[2024-07-15 16:41:28,541][root][INFO] - Iteration 0: params 0.983 / -0.056 | Value -2.68993
[2024-07-15 16:41:28,541][root][INFO] - Iteration 1: params -0.111 / -0.385 | Value -2.63568
[2024-07-15 16:41:28,542][root][INFO] - Iteration 2: params 0.362 / -0.186 | Value -2.94181
[2024-07-15 16:41:28,542][root][INFO] - Iteration 3: params -0.451 / 0.383 | Value -3.97886
[2024-07-15 16:41:28,542][root][INFO] - Iteration 4: params -0.927 / -0.977 | Value -3.58769
[2024-07-15 16:41:28,543][root][INFO] - Iteration 5: params 0.409 / -0.734 | Value -4.30617
[2024-07-15 16:41:28,543][root][INFO] - Iteration 6: params -0.522 / -0.413 | Value -3.99388
[2024-07-15 16:41:28,544][root][INFO] - Iteration 7: params 0.795 / 0.262 | Value -4.10915
[2024-07-15 16:41:28,544][root][INFO] - Iteration 8: params -0.751 / -0.832 | Value -4.47505
[2024-07-15 16:41:28,544][root][INFO] - Iteration 9: params 0.066 / -0.562 | Value -3.18503
[2024-07-15 16:41:28,545][root][INFO] - Iteration 10: params -0.650 / 0.835 | Value -4.45953
[2024-07-15 16:41:28,545][root][INFO] - Iteration 11: params 0.180 / -0.673 | Value -3.77395
[2024-07-15 16:41:28,546][root][INFO] - Iteration 12: params -0.038 / 0.552 | Value -3.25323
[2024-07-15 16:41:28,546][root][INFO] - Iteration 13: params 0.653 / 0.931 | Value -4.52151
[2024-07-15 16:41:28,547][root][INFO] - Iteration 14: params 0.895 / 0.030 | Value -2.50010
[2024-07-15 16:41:28,547][root][INFO] - Iteration 15: params 0.236 / 0.795 | Value -3.81031
[2024-07-15 16:41:28,548][root][INFO] - Iteration 16: params -0.293 / -0.263 | Value -3.10600
[2024-07-15 16:41:28,548][root][INFO] - Iteration 17: params 0.561 / 0.625 | Value -4.68273
[2024-07-15 16:41:28,549][root][INFO] - Iteration 18: params -0.330 / 0.477 | Value -3.81344
[2024-07-15 16:41:28,549][root][INFO] - Iteration 19: params -0.843 / 0.147 | Value -3.15649
[2024-07-15 16:41:28,550][root][INFO] - --------------------
[2024-07-15 16:41:28,550][root][INFO] - Optimising angles...
[2024-07-15 16:41:28,550][root][INFO] - --------------------
[2024-07-15 16:41:29,092][root][INFO] - Iteration 0: params 0.742 / -0.084 | Value -3.03080
[2024-07-15 16:41:29,240][root][INFO] - Iteration 1: params 0.037 / -0.227 | Value -1.59785
[2024-07-15 16:41:29,321][root][INFO] - Iteration 2: params 0.028 / -0.073 | Value -0.50197
[2024-07-15 16:41:29,388][root][INFO] - Iteration 3: params 0.029 / 0.043 | Value -0.32087
[2024-07-15 16:41:29,504][root][INFO] - Iteration 4: params -0.032 / 0.027 | Value -0.20711
[2024-07-15 16:41:29,598][root][INFO] - Iteration 5: params -0.039 / 0.015 | Value -0.36169
[2024-07-15 16:41:29,697][root][INFO] - Iteration 6: params 0.000 / 0.059 | Value -0.37942
[2024-07-15 16:41:29,795][root][INFO] - Iteration 7: params 0.004 / 0.005 | Value 0.03629
[2024-07-15 16:41:29,878][root][INFO] - Iteration 8: params 0.033 / 0.013 | Value 0.02216
[2024-07-15 16:41:29,967][root][INFO] - Iteration 9: params 0.059 / 0.017 | Value -0.30303
[2024-07-15 16:41:30,048][root][INFO] - Iteration 10: params 0.019 / 0.001 | Value 0.00923
[2024-07-15 16:41:30,145][root][INFO] - Iteration 11: params 0.017 / -0.005 | Value -0.04114
[2024-07-15 16:41:30,273][root][INFO] - Iteration 12: params 0.014 / -0.008 | Value -0.12745
[2024-07-15 16:41:30,393][root][INFO] - Iteration 13: params 0.014 / -0.007 | Value -0.10155
[2024-07-15 16:41:30,497][root][INFO] - Iteration 14: params 0.013 / -0.006 | Value -0.08112
[2024-07-15 16:41:30,619][root][INFO] - Iteration 15: params 0.013 / -0.004 | Value -0.02468
[2024-07-15 16:41:30,776][root][INFO] - Iteration 16: params 0.012 / -0.003 | Value 0.00012
[2024-07-15 16:41:30,910][root][INFO] - Iteration 17: params 0.011 / -0.001 | Value -0.15236
[2024-07-15 16:41:31,031][root][INFO] - Iteration 18: params 0.012 / -0.003 | Value -0.05022
