[2024-07-15 16:33:28,100][root][INFO] - Using lower bounds [tensor(-1.), tensor(-1.)] and upper bounds [tensor(1.), tensor(1.)].
[2024-07-15 16:33:28,100][root][INFO] - Logging files to /Users/max/PycharmProjects/FlappyBayes/outputs/2024-07-15/16-33-28/.
[2024-07-15 16:33:28,100][root][INFO] - --------------------
[2024-07-15 16:33:28,100][root][INFO] - Initial random parameter search...
[2024-07-15 16:33:28,100][root][INFO] - --------------------
[2024-07-15 16:33:28,109][root][INFO] - Iteration 0: params 0.664 / 0.054 | Value -41.93926
[2024-07-15 16:33:28,109][root][INFO] - Iteration 1: params -0.302 / -0.897 | Value -73.86631
[2024-07-15 16:33:28,109][root][INFO] - Iteration 2: params 0.011 / -0.153 | Value -57.33451
[2024-07-15 16:33:28,110][root][INFO] - Iteration 3: params -0.956 / -0.441 | Value -80.86170
[2024-07-15 16:33:28,110][root][INFO] - Iteration 4: params 0.965 / 0.410 | Value -32.93247
[2024-07-15 16:33:28,110][root][INFO] - Iteration 5: params 0.281 / 0.212 | Value -47.79613
[2024-07-15 16:33:28,111][root][INFO] - Iteration 6: params -0.075 / -0.963 | Value -69.88714
[2024-07-15 16:33:28,111][root][INFO] - Iteration 7: params -0.127 / -0.707 | Value -67.19975
[2024-07-15 16:33:28,111][root][INFO] - Iteration 8: params -0.400 / 0.724 | Value -54.24992
[2024-07-15 16:33:28,112][root][INFO] - Iteration 9: params 0.403 / 0.975 | Value -38.17803
[2024-07-15 16:33:28,112][root][INFO] - Iteration 10: params -0.772 / -0.267 | Value -74.00309
[2024-07-15 16:33:28,112][root][INFO] - Iteration 11: params 0.168 / 0.172 | Value -50.61887
[2024-07-15 16:33:28,113][root][INFO] - Iteration 12: params 0.809 / -0.009 | Value -39.64762
[2024-07-15 16:33:28,113][root][INFO] - Iteration 13: params -0.535 / 0.648 | Value -57.38637
[2024-07-15 16:33:28,113][root][INFO] - Iteration 14: params -0.654 / -0.631 | Value -77.16911
[2024-07-15 16:33:28,114][root][INFO] - Iteration 15: params 0.719 / -0.340 | Value -44.82845
[2024-07-15 16:33:28,114][root][INFO] - Iteration 16: params -0.282 / 0.393 | Value -56.05433
[2024-07-15 16:33:28,115][root][INFO] - Iteration 17: params 0.327 / 0.872 | Value -40.39992
[2024-07-15 16:33:28,115][root][INFO] - Iteration 18: params -0.883 / -0.574 | Value -81.52099
[2024-07-15 16:33:28,116][root][INFO] - Iteration 19: params 0.527 / 0.506 | Value -40.34580
[2024-07-15 16:33:28,116][root][INFO] - --------------------
[2024-07-15 16:33:28,116][root][INFO] - Optimising angles...
[2024-07-15 16:33:28,116][root][INFO] - --------------------
[2024-07-15 16:33:28,340][root][INFO] - Iteration 0: params 1.000 / 1.000 | Value -27.71233
[2024-07-15 16:33:28,491][root][INFO] - Iteration 1: params 1.000 / 1.000 | Value -27.64257
[2024-07-15 16:33:28,561][root][INFO] - Iteration 2: params 1.000 / 1.000 | Value -27.61721
[2024-07-15 16:33:28,629][root][INFO] - Iteration 3: params 1.000 / 1.000 | Value -27.71402
[2024-07-15 16:33:28,701][root][INFO] - Iteration 4: params 1.000 / 1.000 | Value -27.78160
[2024-07-15 16:33:28,833][root][INFO] - Iteration 5: params 1.000 / 1.000 | Value -27.73277
[2024-07-15 16:33:28,936][root][INFO] - Iteration 6: params 1.000 / 1.000 | Value -27.60300
[2024-07-15 16:33:29,016][root][INFO] - Iteration 7: params 1.000 / 1.000 | Value -27.63226
[2024-07-15 16:33:29,196][root][INFO] - Iteration 8: params 1.000 / 1.000 | Value -27.70274
[2024-07-15 16:33:29,255][root][INFO] - Iteration 9: params 1.000 / 1.000 | Value -27.70081
[2024-07-15 16:33:29,392][root][INFO] - Iteration 10: params 1.000 / 1.000 | Value -27.84735
[2024-07-15 16:33:29,454][root][INFO] - Iteration 11: params 1.000 / 1.000 | Value -27.71672
[2024-07-15 16:33:29,501][root][INFO] - Iteration 12: params 1.000 / 1.000 | Value -27.78653
[2024-07-15 16:33:29,576][root][INFO] - Iteration 13: params 1.000 / 1.000 | Value -27.63933
[2024-07-15 16:33:29,706][root][INFO] - Iteration 14: params 1.000 / 1.000 | Value -27.60555
[2024-07-15 16:33:29,846][root][INFO] - Iteration 15: params 1.000 / 1.000 | Value -27.50480
[2024-07-15 16:33:29,905][root][INFO] - Iteration 16: params 1.000 / 1.000 | Value -27.59866
[2024-07-15 16:33:30,018][root][INFO] - Iteration 17: params 1.000 / 1.000 | Value -27.63338
[2024-07-15 16:33:30,127][root][INFO] - Iteration 18: params 1.000 / 1.000 | Value -27.71347
[2024-07-15 16:33:30,232][root][INFO] - Iteration 19: params 1.000 / 1.000 | Value -27.78935
[2024-07-15 16:33:30,289][root][INFO] - Iteration 20: params 1.000 / 1.000 | Value -27.63132
[2024-07-15 16:33:30,351][root][INFO] - Iteration 21: params 1.000 / 1.000 | Value -27.56563
[2024-07-15 16:33:30,414][root][INFO] - Iteration 22: params 1.000 / 1.000 | Value -27.63643
[2024-07-15 16:33:30,539][root][INFO] - Iteration 23: params 1.000 / 1.000 | Value -27.54893
[2024-07-15 16:33:30,601][root][INFO] - Iteration 24: params 1.000 / 1.000 | Value -27.74680
[2024-07-15 16:33:30,747][root][INFO] - Iteration 25: params 1.000 / 1.000 | Value -27.72290
[2024-07-15 16:33:30,889][root][INFO] - Iteration 26: params 1.000 / 1.000 | Value -27.79435
[2024-07-15 16:33:31,027][root][INFO] - Iteration 27: params 1.000 / 1.000 | Value -27.81047
[2024-07-15 16:33:31,148][root][INFO] - Iteration 28: params 1.000 / 1.000 | Value -27.70606
[2024-07-15 16:33:31,267][root][INFO] - Iteration 29: params 1.000 / 1.000 | Value -27.70182
[2024-07-15 16:33:31,406][root][INFO] - Iteration 30: params 1.000 / 1.000 | Value -27.61050
[2024-07-15 16:33:31,539][root][INFO] - Iteration 31: params 1.000 / 1.000 | Value -27.51454
[2024-07-15 16:33:31,658][root][INFO] - Iteration 32: params 1.000 / 1.000 | Value -27.76598
[2024-07-15 16:33:31,835][root][INFO] - Iteration 33: params 1.000 / 1.000 | Value -27.56912
[2024-07-15 16:33:31,964][root][INFO] - Iteration 34: params 1.000 / 1.000 | Value -27.65817
[2024-07-15 16:33:32,102][root][INFO] - Iteration 35: params 1.000 / 1.000 | Value -27.94102
[2024-07-15 16:33:32,208][root][INFO] - Iteration 36: params 1.000 / 1.000 | Value -27.75091
[2024-07-15 16:33:32,323][root][INFO] - Iteration 37: params 1.000 / 1.000 | Value -27.74591
[2024-07-15 16:33:32,455][root][INFO] - Iteration 38: params 1.000 / 1.000 | Value -27.69702
[2024-07-15 16:33:32,598][root][INFO] - Iteration 39: params 1.000 / 1.000 | Value -27.70120
[2024-07-15 16:33:32,841][root][INFO] - Iteration 40: params 1.000 / 1.000 | Value -27.90676
[2024-07-15 16:33:33,039][root][INFO] - Iteration 41: params 1.000 / 1.000 | Value -27.71556
[2024-07-15 16:33:33,212][root][INFO] - Iteration 42: params 1.000 / 1.000 | Value -27.88169
[2024-07-15 16:33:33,349][root][INFO] - Iteration 43: params 1.000 / 1.000 | Value -27.83467
[2024-07-15 16:33:33,518][root][INFO] - Iteration 44: params 1.000 / 1.000 | Value -27.75976
[2024-07-15 16:33:33,637][root][INFO] - Iteration 45: params 1.000 / 1.000 | Value -27.46202
[2024-07-15 16:33:33,771][root][INFO] - Iteration 46: params 1.000 / 1.000 | Value -27.70600
[2024-07-15 16:33:33,924][root][INFO] - Iteration 47: params 1.000 / 1.000 | Value -27.51517
[2024-07-15 16:33:34,121][root][INFO] - Iteration 48: params 1.000 / 1.000 | Value -27.75328
[2024-07-15 16:33:34,292][root][INFO] - Iteration 49: params 1.000 / 1.000 | Value -27.64860
[2024-07-15 16:33:35,017][root][INFO] - Finished execution.
