[2024-07-15 16:32:19,274][root][INFO] - Using lower bounds [tensor(-1.), tensor(-1.)] and upper bounds [tensor(1.), tensor(1.)].
[2024-07-15 16:32:19,274][root][INFO] - Logging files to /Users/max/PycharmProjects/FlappyBayes/outputs/2024-07-15/16-32-19/.
[2024-07-15 16:32:19,274][root][INFO] - --------------------
[2024-07-15 16:32:19,274][root][INFO] - Initial random parameter search...
[2024-07-15 16:32:19,274][root][INFO] - --------------------
[2024-07-15 16:32:19,282][root][INFO] - Iteration 0: params -0.565 / 0.146 | Value -64.33762
[2024-07-15 16:32:19,282][root][INFO] - Iteration 1: params 0.432 / -0.934 | Value -58.08907
[2024-07-15 16:32:19,283][root][INFO] - Iteration 2: params 0.692 / 0.826 | Value -34.39250
[2024-07-15 16:32:19,283][root][INFO] - Iteration 3: params 0.199 / 0.409 | Value -47.52242
[2024-07-15 16:32:19,284][root][INFO] - Iteration 4: params -0.980 / -0.764 | Value -86.57910
[2024-07-15 16:32:19,284][root][INFO] - Iteration 5: params 0.269 / -0.801 | Value -60.00259
[2024-07-15 16:32:19,285][root][INFO] - Iteration 6: params -0.636 / -0.484 | Value -74.64753
[2024-07-15 16:32:19,285][root][INFO] - Iteration 7: params -0.774 / -0.156 | Value -72.56180
[2024-07-15 16:32:19,286][root][INFO] - Iteration 8: params -0.891 / 0.708 | Value -62.43492
[2024-07-15 16:32:19,286][root][INFO] - Iteration 9: params -0.158 / 0.919 | Value -47.84260
[2024-07-15 16:32:19,286][root][INFO] - Iteration 10: params 0.502 / -0.611 | Value -52.69942
[2024-07-15 16:32:19,287][root][INFO] - Iteration 11: params 0.911 / -0.293 | Value -40.49449
[2024-07-15 16:32:19,287][root][INFO] - Iteration 12: params 0.060 / 0.334 | Value -50.59402
[2024-07-15 16:32:19,288][root][INFO] - Iteration 13: params 0.310 / -0.559 | Value -55.87559
[2024-07-15 16:32:19,288][root][INFO] - Iteration 14: params -0.207 / -0.324 | Value -63.79749
[2024-07-15 16:32:19,289][root][INFO] - Iteration 15: params 0.730 / 0.238 | Value -38.92332
[2024-07-15 16:32:19,289][root][INFO] - Iteration 16: params -0.398 / 0.041 | Value -62.54171
[2024-07-15 16:32:19,290][root][INFO] - Iteration 17: params -0.485 / -0.070 | Value -65.64371
[2024-07-15 16:32:19,291][root][INFO] - Iteration 18: params 0.808 / 0.678 | Value -33.57518
[2024-07-15 16:32:19,292][root][INFO] - Iteration 19: params -0.054 / 0.536 | Value -50.41505
[2024-07-15 16:32:19,292][root][INFO] - --------------------
[2024-07-15 16:32:19,292][root][INFO] - Optimising angles...
[2024-07-15 16:32:19,292][root][INFO] - --------------------
